<?xml version="1.0" encoding="UTF-8"?>
<testng-results ignored="0" total="3" passed="3" failed="0" skipped="0">
  <reporter-output>
  </reporter-output>
  <suite started-at="2022-04-14T11:33:15 IST" name="Default suite" finished-at="2022-04-14T11:33:32 IST" duration-ms="17148">
    <groups>
    </groups>
    <test started-at="2022-04-14T11:33:15 IST" name="Default test" finished-at="2022-04-14T11:33:32 IST" duration-ms="17148">
      <class name="com.simplilearn.demo.Assertion">
        <test-method signature="launch()[pri:0, instance:com.simplilearn.demo.Assertion@52e6fdee]" started-at="2022-04-14T11:33:15 IST" name="launch" finished-at="2022-04-14T11:33:23 IST" duration-ms="8214" status="PASS">
          <reporter-output>
          </reporter-output>
        </test-method> <!-- launch -->
        <test-method signature="TryFacebook()[pri:0, instance:com.simplilearn.demo.Assertion@52e6fdee]" started-at="2022-04-14T11:33:23 IST" name="TryFacebook" finished-at="2022-04-14T11:33:28 IST" depends-on-methods="com.simplilearn.demo.Assertion.launch" duration-ms="5487" status="PASS">
          <reporter-output>
          </reporter-output>
        </test-method> <!-- TryFacebook -->
        <test-method signature="login()[pri:0, instance:com.simplilearn.demo.Assertion@52e6fdee]" started-at="2022-04-14T11:33:28 IST" name="login" finished-at="2022-04-14T11:33:32 IST" depends-on-methods="com.simplilearn.demo.Assertion.TryFacebook" duration-ms="3377" status="PASS">
          <reporter-output>
          </reporter-output>
        </test-method> <!-- login -->
      </class> <!-- com.simplilearn.demo.Assertion -->
    </test> <!-- Default test -->
  </suite> <!-- Default suite -->
</testng-results>
