<?xml version="1.0" encoding="UTF-8"?>
<!-- Generated by org.testng.reporters.JUnitXMLReporter -->
<testsuite ignored="0" hostname="DESKTOP-QQ5HRP6" failures="0" tests="3" name="Default test" time="17.148" errors="0" timestamp="2022-04-14T11:33:32 IST">
  <testcase classname="com.simplilearn.demo.Assertion" name="launch" time="8.214"/>
  <testcase classname="com.simplilearn.demo.Assertion" name="TryFacebook" time="5.487"/>
  <testcase classname="com.simplilearn.demo.Assertion" name="login" time="3.377"/>
</testsuite> <!-- Default test -->
